<?xml version="1.0" encoding="UTF-8"?>
<testsuite name="com.bridgelabz.MyLinkedListTest" tests="1" skipped="0" failures="0" errors="0" timestamp="2021-08-28T08:07:22" hostname="LAPTOP-NGQU5TVV" time="0.013">
  <properties/>
  <testcase name="given3Number_WhenLinkedShouldPassedLinkedListTest()" classname="com.bridgelabz.MyLinkedListTest" time="0.013"/>
  <system-out><![CDATA[]]></system-out>
  <system-err><![CDATA[]]></system-err>
</testsuite>
