<?xml version="1.0" encoding="UTF-8"?>
<testsuite name="com.bridgelabz.LinkedListTest" tests="8" skipped="0" failures="0" errors="0" timestamp="2021-08-30T11:49:02" hostname="LAPTOP-NGQU5TVV" time="0.019">
  <properties/>
  <testcase name="PopNodeFromLast_ShouldReturnTrue()" classname="com.bridgelabz.LinkedListTest" time="0.013"/>
  <testcase name="PopNodeFromFront_ShouldReturnTrue()" classname="com.bridgelabz.LinkedListTest" time="0.0"/>
  <testcase name="SearchNodeForGivenDataIfFound_ShouldReturnTrue()" classname="com.bridgelabz.LinkedListTest" time="0.0"/>
  <testcase name="GivenANodeInsertedInBetweenResultingNodes_ShouldReturnTrue()" classname="com.bridgelabz.LinkedListTest" time="0.001"/>
  <testcase name="GivenThreeNumbers_WhenAddedToLinkedList_ShouldAddedToBottom()" classname="com.bridgelabz.LinkedListTest" time="0.0"/>
  <testcase name="SearchDataNodeForGivenDataIfFound_ShouldInsertGivenNodeAndReturnTrue()" classname="com.bridgelabz.LinkedListTest" time="0.0"/>
  <testcase name="DeleteNodeFromLinkedlistIfDeletedShouldReturnSizeAndReturnTrue()" classname="com.bridgelabz.LinkedListTest" time="0.0"/>
  <testcase name="GivenThreeNumbers_WhenAddedToLinkedList_ShouldBeAddedToTop()" classname="com.bridgelabz.LinkedListTest" time="0.0"/>
  <system-out><![CDATA[]]></system-out>
  <system-err><![CDATA[]]></system-err>
</testsuite>
