<?xml version="1.0" encoding="UTF-8"?>
<testsuite name="com.bridgelabz.LinkedListTest" tests="3" skipped="0" failures="0" errors="0" timestamp="2021-08-30T08:52:21" hostname="LAPTOP-NGQU5TVV" time="0.017">
  <properties/>
  <testcase name="given3NumbersWhenAddedToLinkedListShouldBeAddedToLast()" classname="com.bridgelabz.LinkedListTest" time="0.015"/>
  <testcase name="givenThreeNumber_whenAddedToLinkedListShouldAddedToTheTop()" classname="com.bridgelabz.LinkedListTest" time="0.001"/>
  <testcase name="given3NumbersWhenInsertingSecondInBetween_ShouldPassLinkedList()" classname="com.bridgelabz.LinkedListTest" time="0.001"/>
  <system-out><![CDATA[Print statement
My Nodes are: 56->30->70
Print statement
My Nodes are: 70->30->56
Print statement
My Nodes are: 56->30->70
]]></system-out>
  <system-err><![CDATA[]]></system-err>
</testsuite>
