<?xml version="1.0" encoding="UTF-8"?>
<testsuite name="com.bridgelabz.LinkedListTest" tests="2" skipped="0" failures="0" errors="0" timestamp="2021-08-30T08:18:00" hostname="LAPTOP-NGQU5TVV" time="0.02">
  <properties/>
  <testcase name="given3NumbersWhenAddedToLinkedListShouldBeAddedToLast()" classname="com.bridgelabz.LinkedListTest" time="0.019"/>
  <testcase name="givenThreeNumber_whenAddedToLinkedListShouldAddedToTheTop()" classname="com.bridgelabz.LinkedListTest" time="0.0"/>
  <system-out><![CDATA[Print statement
My Nodes are: 56->30->70
Print statement
My Nodes are: 70->30->56
]]></system-out>
  <system-err><![CDATA[]]></system-err>
</testsuite>
