<?xml version="1.0" encoding="UTF-8"?>
<testsuite name="com.bridgelabz.MyNodeTest" tests="1" skipped="0" failures="0" errors="0" timestamp="2021-08-30T03:30:35" hostname="LAPTOP-NGQU5TVV" time="0.024">
  <properties/>
  <testcase name="given3Number_WhenLinkedShouldPassedLinkedListTest()" classname="com.bridgelabz.MyNodeTest" time="0.024"/>
  <system-out><![CDATA[]]></system-out>
  <system-err><![CDATA[]]></system-err>
</testsuite>
